Starting the Flask Stock Portfolio App...
Starting the Flask Stock Portfolio App...
Starting the Flask Stock Portfolio App...
Calling the index() function.
2023-04-18 18:27:52,532 INFO: Starting the Flask Stock Portfolio App... [in app.py:15]
2023-04-18 18:29:27,368 INFO: Starting the Flask Stock Portfolio App... [in app.py:15]
2023-04-18 18:29:32,226 INFO: Starting the Flask Stock Portfolio App... [in app.py:15]
2023-04-18 18:29:32,352 INFO: Starting the Flask Stock Portfolio App... [in app.py:15]
2023-04-18 18:29:52,393 INFO: Calling the index() function. [in app.py:33]
2023-04-18 18:33:20,164 INFO: Starting the Flask Stock Portfolio App... [in app.py:15]
2023-04-18 18:33:28,040 INFO: Starting the Flask Stock Portfolio App... [in app.py:15]
2023-04-18 18:33:28,167 INFO: Starting the Flask Stock Portfolio App... [in app.py:15]
2023-04-18 18:33:38,656 INFO: Calling the index() function. [in app.py:33]
2023-04-18 18:40:52,485 INFO: Starting the Flask Stock Portfolio App... [in app.py:16]
2023-04-18 18:44:26,184 INFO: Starting the Flask Stock Portfolio App... [in app.py:19]
2023-04-18 18:45:11,658 INFO: Starting the Flask Stock Portfolio App... [in app.py:19]
2023-04-18 18:46:32,412 INFO: Starting the Flask Stock Portfolio App... [in app.py:19]
2023-04-18 18:46:38,282 INFO: Starting the Flask Stock Portfolio App... [in app.py:19]
2023-04-18 18:46:38,407 INFO: Starting the Flask Stock Portfolio App... [in app.py:19]
2023-04-18 18:47:12,223 INFO: Added new stock (SBUX)! [in app.py:75]
