2023-05-27 13:46:20,448 INFO: Calling teardown_appcontext() for the Flask application... [in __init__.py:126]
2023-05-27 13:46:24,431 INFO: Calling before_request() for the Flask application... [in __init__.py:112]
2023-05-27 13:46:24,431 INFO: Calling before_request() for the stocks blueprint... [in routes.py:17]
2023-05-27 13:46:24,434 INFO: Calling after_request() for the stocks blueprint... [in routes.py:22]
2023-05-27 13:46:24,434 INFO: Calling after_request() for the Flask application... [in __init__.py:116]
2023-05-27 13:46:24,434 INFO: Calling teardown_request() for the stocks blueprint... [in routes.py:29]
2023-05-27 13:46:24,434 INFO: Calling teardown_request() for the Flask application... [in __init__.py:122]
2023-05-27 13:46:24,434 INFO: Calling teardown_appcontext() for the Flask application... [in __init__.py:126]
2023-05-27 13:46:24,733 INFO: Calling before_request() for the Flask application... [in __init__.py:112]
2023-05-27 13:46:24,733 INFO: Calling after_request() for the Flask application... [in __init__.py:116]
2023-05-27 13:46:24,733 INFO: Calling teardown_request() for the Flask application... [in __init__.py:122]
2023-05-27 13:46:24,734 INFO: Calling teardown_appcontext() for the Flask application... [in __init__.py:126]
2023-05-27 13:46:24,765 INFO: Calling before_request() for the Flask application... [in __init__.py:112]
2023-05-27 13:46:24,766 INFO: Calling after_request() for the Flask application... [in __init__.py:116]
2023-05-27 13:46:24,766 INFO: Calling teardown_request() for the Flask application... [in __init__.py:122]
2023-05-27 13:46:24,766 INFO: Calling teardown_appcontext() for the Flask application... [in __init__.py:126]
2023-05-27 13:46:42,355 INFO: Calling before_request() for the Flask application... [in __init__.py:112]
2023-05-27 13:46:42,355 INFO: Calling before_request() for the stocks blueprint... [in routes.py:17]
2023-05-27 13:46:42,361 INFO: Added new stock (SBUX)! [in routes.py:105]
2023-05-27 13:46:42,361 INFO: Calling after_request() for the stocks blueprint... [in routes.py:22]
2023-05-27 13:46:42,361 INFO: Calling after_request() for the Flask application... [in __init__.py:116]
2023-05-27 13:46:42,362 INFO: Calling teardown_request() for the stocks blueprint... [in routes.py:29]
2023-05-27 13:46:42,362 INFO: Calling teardown_request() for the Flask application... [in __init__.py:122]
2023-05-27 13:46:42,362 INFO: Calling teardown_appcontext() for the Flask application... [in __init__.py:126]
2023-05-27 13:46:42,661 INFO: Calling before_request() for the Flask application... [in __init__.py:112]
2023-05-27 13:46:42,661 INFO: Calling before_request() for the stocks blueprint... [in routes.py:17]
2023-05-27 13:46:43,969 INFO: Calling after_request() for the stocks blueprint... [in routes.py:22]
2023-05-27 13:46:43,969 INFO: Calling after_request() for the Flask application... [in __init__.py:116]
2023-05-27 13:46:43,969 INFO: Calling teardown_request() for the stocks blueprint... [in routes.py:29]
2023-05-27 13:46:43,970 INFO: Calling teardown_request() for the Flask application... [in __init__.py:122]
2023-05-27 13:46:43,970 INFO: Calling teardown_appcontext() for the Flask application... [in __init__.py:126]
2023-05-27 13:46:44,286 INFO: Calling before_request() for the Flask application... [in __init__.py:112]
2023-05-27 13:46:44,287 INFO: Calling after_request() for the Flask application... [in __init__.py:116]
2023-05-27 13:46:44,287 INFO: Calling before_request() for the Flask application... [in __init__.py:112]
2023-05-27 13:46:44,288 INFO: Calling teardown_request() for the Flask application... [in __init__.py:122]
2023-05-27 13:46:44,288 INFO: Calling after_request() for the Flask application... [in __init__.py:116]
2023-05-27 13:46:44,288 INFO: Calling teardown_appcontext() for the Flask application... [in __init__.py:126]
2023-05-27 13:46:44,288 INFO: Calling teardown_request() for the Flask application... [in __init__.py:122]
2023-05-27 13:46:44,289 INFO: Calling teardown_appcontext() for the Flask application... [in __init__.py:126]
2023-05-27 13:46:58,569 INFO: Calling before_request() for the Flask application... [in __init__.py:112]
2023-05-27 13:46:58,569 INFO: Calling before_request() for the stocks blueprint... [in routes.py:17]
2023-05-27 13:46:58,571 INFO: Calling after_request() for the stocks blueprint... [in routes.py:22]
2023-05-27 13:46:58,571 INFO: Calling after_request() for the Flask application... [in __init__.py:116]
2023-05-27 13:46:58,572 INFO: Calling teardown_request() for the stocks blueprint... [in routes.py:29]
2023-05-27 13:46:58,572 INFO: Calling teardown_request() for the Flask application... [in __init__.py:122]
2023-05-27 13:46:58,572 INFO: Calling teardown_appcontext() for the Flask application... [in __init__.py:126]
2023-05-27 13:46:58,875 INFO: Calling before_request() for the Flask application... [in __init__.py:112]
2023-05-27 13:46:58,876 INFO: Calling after_request() for the Flask application... [in __init__.py:116]
2023-05-27 13:46:58,877 INFO: Calling teardown_request() for the Flask application... [in __init__.py:122]
2023-05-27 13:46:58,877 INFO: Calling teardown_appcontext() for the Flask application... [in __init__.py:126]
2023-05-27 13:46:58,888 INFO: Calling before_request() for the Flask application... [in __init__.py:112]
2023-05-27 13:46:58,888 INFO: Calling after_request() for the Flask application... [in __init__.py:116]
2023-05-27 13:46:58,889 INFO: Calling teardown_request() for the Flask application... [in __init__.py:122]
2023-05-27 13:46:58,889 INFO: Calling teardown_appcontext() for the Flask application... [in __init__.py:126]
2023-05-27 13:47:16,158 INFO: Calling before_request() for the Flask application... [in __init__.py:112]
2023-05-27 13:47:16,158 INFO: Calling before_request() for the stocks blueprint... [in routes.py:17]
2023-05-27 13:47:16,163 INFO: Added new stock (SAM)! [in routes.py:105]
2023-05-27 13:47:16,164 INFO: Calling after_request() for the stocks blueprint... [in routes.py:22]
2023-05-27 13:47:16,164 INFO: Calling after_request() for the Flask application... [in __init__.py:116]
2023-05-27 13:47:16,164 INFO: Calling teardown_request() for the stocks blueprint... [in routes.py:29]
2023-05-27 13:47:16,164 INFO: Calling teardown_request() for the Flask application... [in __init__.py:122]
2023-05-27 13:47:16,164 INFO: Calling teardown_appcontext() for the Flask application... [in __init__.py:126]
2023-05-27 13:47:16,463 INFO: Calling before_request() for the Flask application... [in __init__.py:112]
2023-05-27 13:47:16,464 INFO: Calling before_request() for the stocks blueprint... [in routes.py:17]
2023-05-27 13:47:16,867 INFO: Calling after_request() for the stocks blueprint... [in routes.py:22]
2023-05-27 13:47:16,867 INFO: Calling after_request() for the Flask application... [in __init__.py:116]
2023-05-27 13:47:16,867 INFO: Calling teardown_request() for the stocks blueprint... [in routes.py:29]
2023-05-27 13:47:16,867 INFO: Calling teardown_request() for the Flask application... [in __init__.py:122]
2023-05-27 13:47:16,867 INFO: Calling teardown_appcontext() for the Flask application... [in __init__.py:126]
2023-05-27 13:47:17,196 INFO: Calling before_request() for the Flask application... [in __init__.py:112]
2023-05-27 13:47:17,197 INFO: Calling before_request() for the Flask application... [in __init__.py:112]
2023-05-27 13:47:17,197 INFO: Calling after_request() for the Flask application... [in __init__.py:116]
2023-05-27 13:47:17,198 INFO: Calling teardown_request() for the Flask application... [in __init__.py:122]
2023-05-27 13:47:17,198 INFO: Calling after_request() for the Flask application... [in __init__.py:116]
2023-05-27 13:47:17,198 INFO: Calling teardown_appcontext() for the Flask application... [in __init__.py:126]
2023-05-27 13:47:17,198 INFO: Calling teardown_request() for the Flask application... [in __init__.py:122]
2023-05-27 13:47:17,199 INFO: Calling teardown_appcontext() for the Flask application... [in __init__.py:126]
2023-05-27 13:52:11,595 INFO: Calling before_request() for the Flask application... [in __init__.py:112]
2023-05-27 13:52:11,595 INFO: Calling before_request() for the stocks blueprint... [in routes.py:17]
2023-05-27 13:52:11,599 INFO: Calling after_request() for the stocks blueprint... [in routes.py:22]
2023-05-27 13:52:11,599 INFO: Calling after_request() for the Flask application... [in __init__.py:116]
2023-05-27 13:52:11,599 INFO: Calling teardown_request() for the stocks blueprint... [in routes.py:29]
2023-05-27 13:52:11,599 INFO: Calling teardown_request() for the Flask application... [in __init__.py:122]
2023-05-27 13:52:11,599 INFO: Calling teardown_appcontext() for the Flask application... [in __init__.py:126]
2023-05-27 13:52:11,899 INFO: Calling before_request() for the Flask application... [in __init__.py:112]
2023-05-27 13:52:11,900 INFO: Calling after_request() for the Flask application... [in __init__.py:116]
2023-05-27 13:52:11,900 INFO: Calling teardown_request() for the Flask application... [in __init__.py:122]
2023-05-27 13:52:11,900 INFO: Calling teardown_appcontext() for the Flask application... [in __init__.py:126]
2023-05-27 13:52:11,918 INFO: Calling before_request() for the Flask application... [in __init__.py:112]
2023-05-27 13:52:11,918 INFO: Calling after_request() for the Flask application... [in __init__.py:116]
2023-05-27 13:52:11,919 INFO: Calling teardown_request() for the Flask application... [in __init__.py:122]
2023-05-27 13:52:11,919 INFO: Calling teardown_appcontext() for the Flask application... [in __init__.py:126]
2023-05-27 13:52:13,927 INFO: Calling before_request() for the Flask application... [in __init__.py:112]
2023-05-27 13:52:13,931 INFO: Calling after_request() for the Flask application... [in __init__.py:116]
2023-05-27 13:52:13,931 INFO: Calling teardown_request() for the Flask application... [in __init__.py:122]
2023-05-27 13:52:13,931 INFO: Calling teardown_appcontext() for the Flask application... [in __init__.py:126]
2023-05-27 13:52:14,227 INFO: Calling before_request() for the Flask application... [in __init__.py:112]
2023-05-27 13:52:14,228 INFO: Calling after_request() for the Flask application... [in __init__.py:116]
2023-05-27 13:52:14,228 INFO: Calling teardown_request() for the Flask application... [in __init__.py:122]
2023-05-27 13:52:14,228 INFO: Calling teardown_appcontext() for the Flask application... [in __init__.py:126]
2023-05-27 13:52:14,256 INFO: Calling before_request() for the Flask application... [in __init__.py:112]
2023-05-27 13:52:14,257 INFO: Calling after_request() for the Flask application... [in __init__.py:116]
2023-05-27 13:52:14,258 INFO: Calling teardown_request() for the Flask application... [in __init__.py:122]
2023-05-27 13:52:14,258 INFO: Calling teardown_appcontext() for the Flask application... [in __init__.py:126]
2023-05-27 13:52:16,900 INFO: Calling before_request() for the Flask application... [in __init__.py:112]
2023-05-27 13:52:16,900 INFO: Calling before_request() for the stocks blueprint... [in routes.py:17]
2023-05-27 13:52:16,904 INFO: Calling after_request() for the stocks blueprint... [in routes.py:22]
2023-05-27 13:52:16,904 INFO: Calling after_request() for the Flask application... [in __init__.py:116]
2023-05-27 13:52:16,904 INFO: Calling teardown_request() for the stocks blueprint... [in routes.py:29]
2023-05-27 13:52:16,904 INFO: Calling teardown_request() for the Flask application... [in __init__.py:122]
2023-05-27 13:52:16,904 INFO: Calling teardown_appcontext() for the Flask application... [in __init__.py:126]
2023-05-27 13:52:17,206 INFO: Calling before_request() for the Flask application... [in __init__.py:112]
2023-05-27 13:52:17,206 INFO: Calling after_request() for the Flask application... [in __init__.py:116]
2023-05-27 13:52:17,206 INFO: Calling teardown_request() for the Flask application... [in __init__.py:122]
2023-05-27 13:52:17,206 INFO: Calling teardown_appcontext() for the Flask application... [in __init__.py:126]
2023-05-27 13:52:17,244 INFO: Calling before_request() for the Flask application... [in __init__.py:112]
2023-05-27 13:52:17,244 INFO: Calling after_request() for the Flask application... [in __init__.py:116]
2023-05-27 13:52:17,245 INFO: Calling teardown_request() for the Flask application... [in __init__.py:122]
2023-05-27 13:52:17,245 INFO: Calling teardown_appcontext() for the Flask application... [in __init__.py:126]
